app/build/outputs/mapping/release/seeds.txt
com.snakes_ladder.dice.MainActivity
com.snakes_ladder.dice.MainActivity: MainActivity()
com.snakes_ladder.dice.R$anim: int abc_fade_in
com.snakes_ladder.dice.R$anim: int abc_fade_out
com.snakes_ladder.dice.R$anim: int abc_grow_fade_in_from_bottom
com.snakes_ladder.dice.R$anim: int abc_popup_enter
com.snakes_ladder.dice.R$anim: int abc_popup_exit
com.snakes_ladder.dice.R$anim: int abc_shrink_fade_out_from_bottom
com.snakes_ladder.dice.R$anim: int abc_slide_in_bottom
com.snakes_ladder.dice.R$anim: int abc_slide_in_top
com.snakes_ladder.dice.R$anim: int abc_slide_out_bottom
com.snakes_ladder.dice.R$anim: int abc_slide_out_top
com.snakes_ladder.dice.R$anim: int tooltip_enter
com.snakes_ladder.dice.R$anim: int tooltip_exit
com.snakes_ladder.dice.R$attr: int actionBarDivider
com.snakes_ladder.dice.R$attr: int actionBarItemBackground
com.snakes_ladder.dice.R$attr: int actionBarPopupTheme
com.snakes_ladder.dice.R$attr: int actionBarSize
com.snakes_ladder.dice.R$attr: int actionBarSplitStyle
com.snakes_ladder.dice.R$attr: int actionBarStyle
com.snakes_ladder.dice.R$attr: int actionBarTabBarStyle
com.snakes_ladder.dice.R$attr: int actionBarTabStyle
com.snakes_ladder.dice.R$attr: int actionBarTabTextStyle
com.snakes_ladder.dice.R$attr: int actionBarTheme
com.snakes_ladder.dice.R$attr: int actionBarWidgetTheme
com.snakes_ladder.dice.R$attr: int actionButtonStyle
com.snakes_ladder.dice.R$attr: int actionDropDownStyle
com.snakes_ladder.dice.R$attr: int actionLayout
com.snakes_ladder.dice.R$attr: int actionMenuTextAppearance
com.snakes_ladder.dice.R$attr: int actionMenuTextColor
com.snakes_ladder.dice.R$attr: int actionModeBackground
com.snakes_ladder.dice.R$attr: int actionModeCloseButtonStyle
com.snakes_ladder.dice.R$attr: int actionModeCloseDrawable
com.snakes_ladder.dice.R$attr: int actionModeCopyDrawable
com.snakes_ladder.dice.R$attr: int actionModeCutDrawable
com.snakes_ladder.dice.R$attr: int actionModeFindDrawable
com.snakes_ladder.dice.R$attr: int actionModePasteDrawable
com.snakes_ladder.dice.R$attr: int actionModePopupWindowStyle
com.snakes_ladder.dice.R$attr: int actionModeSelectAllDrawable
com.snakes_ladder.dice.R$attr: int actionModeShareDrawable
com.snakes_ladder.dice.R$bool: int abc_action_bar_embed_tabs
com.snakes_ladder.dice.R$bool: int abc_allow_stacked_button_bar
com.snakes_ladder.dice.R$bool: int abc_config_actionMenuItemAllCaps
com.snakes_ladder.dice.R$bool: int abc_config_closeDialogWhenTouchOutside
com.snakes_ladder.dice.R$bool: int abc_config_showMenuShortcutsWhenKeyboardPresent
...
android.support.v7.widget.StaggeredGridLayoutManager$LazySpanLookup$FullSpanItem: android.os.Parcelable$Creator CREATOR
android.support.v7.widget.StaggeredGridLayoutManager$SavedState: android.os.Parcelable$Creator CREATOR
android.support.v7.widget.SwitchCompat: void setSwitchTypeface(android.graphics.Typeface)
android.support.v7.widget.SwitchCompat: void setSwitchPadding(int)
android.support.v7.widget.SwitchCompat: int getSwitchPadding()
android.support.v7.widget.SwitchCompat: void setSwitchMinWidth(int)
android.support.v7.widget.SwitchCompat: int getSwitchMinWidth()
android.support.v7.widget.SwitchCompat: void setThumbTextPadding(int)
android.support.v7.widget.SwitchCompat: int getThumbTextPadding()
android.support.v7.widget.SwitchCompat: void setTrackDrawable(android.graphics.drawable.Drawable)
android.support.v7.widget.SwitchCompat: void setTrackResource(int)
android.support.v7.widget.SwitchCompat: android.graphics.drawable.Drawable getTrackDrawable()
android.support.v7.widget.SwitchCompat: void setTrackTintList(android.content.res.ColorStateList)
android.support.v7.widget.SwitchCompat: android.content.res.ColorStateList getTrackTintList()
android.support.v7.widget.SwitchCompat: void setTrackTintMode(android.graphics.PorterDuff$Mode)
android.support.v7.widget.SwitchCompat: android.graphics.PorterDuff$Mode getTrackTintMode()
android.support.v7.widget.SwitchCompat: void setThumbDrawable(android.graphics.drawable.Drawable)
android.support.v7.widget.SwitchCompat: void setThumbResource(int)
android.support.v7.widget.SwitchCompat: android.graphics.drawable.Drawable getThumbDrawable()
android.support.v7.widget.SwitchCompat: void setThumbTintList(android.content.res.ColorStateList)
android.support.v7.widget.Toolbar
android.support.v7.widget.Toolbar: Toolbar(android.content.Context)
android.support.v7.widget.Toolbar: Toolbar(android.content.Context,android.util.AttributeSet)
android.support.v7.widget.Toolbar: Toolbar(android.content.Context,android.util.AttributeSet,int)
android.support.v7.widget.Toolbar: void setPopupTheme(int)
android.support.v7.widget.Toolbar: int getPopupTheme()
android.support.v7.widget.Toolbar: int getTitleMarginStart()
android.support.v7.widget.Toolbar: void setTitleMarginStart(int)
android.support.v7.widget.Toolbar: int getTitleMarginTop()
android.support.v7.widget.Toolbar: void setTitleMarginTop(int)
android.support.v7.widget.Toolbar: int getTitleMarginEnd()
android.support.v7.widget.Toolbar: void setTitleMarginEnd(int)
android.support.v7.widget.Toolbar: int getTitleMarginBottom()
android.support.v7.widget.Toolbar: void setTitleMarginBottom(int)
android.support.v7.widget.Toolbar: void setLogo(int)
android.support.v7.widget.Toolbar: void setLogo(android.graphics.drawable.Drawable)
android.support.v7.widget.Toolbar: android.graphics.drawable.Drawable getLogo()
android.support.v7.widget.Toolbar: void setLogoDescription(int)
android.support.v7.widget.Toolbar: void setLogoDescription(java.lang.CharSequence)
android.support.v7.widget.Toolbar: java.lang.CharSequence getLogoDescription()
android.support.v7.widget.Toolbar: java.lang.CharSequence getTitle()
android.support.v7.widget.Toolbar: void setTitle(int)
android.support.v7.widget.Toolbar$SavedState: android.os.Parcelable$Creator CREATOR