app/build/outputs/mapping/release/mapping.txt
com.snakes_ladder.dice.MainActivity -> com.snakes_ladder.dice.MainActivity:
    android.widget.ImageView dice_picture -> l
    java.util.Random rng -> m
    android.media.SoundPool dice_sound -> n
    int sound_id -> o
    android.os.Handler handler -> p
    java.util.Timer timer -> q
    boolean rolling -> r
    android.support.v7.widget.RecyclerView gridView -> t
    android.content.Context mContext -> u
    com.google.gson.Gson gson -> v
    java.util.List gridData -> w
    com.snakes_ladder.dice.adapters.GridAdapter mAdapter -> x
    java.lang.String jsonData -> y
    android.support.v7.app.AlertDialog$Builder builder -> z
    android.widget.TextView playText -> A
    android.os.Handler$Callback callback -> s
    void <init>() -> <init>
    void onCreate(android.os.Bundle) -> onCreate
    void initDialog() -> l
    void initGrid() -> m
    void setAdapter() -> n
    void InitSound() -> k
    void movePlayerByCount(int) -> b
    void winner(boolean) -> b
    void status(boolean) -> c
    void onPause() -> onPause
    void onDestroy() -> onDestroy
    void access$100(com.snakes_ladder.dice.MainActivity) -> a
    void access$300(com.snakes_ladder.dice.MainActivity,int) -> a
com.snakes_ladder.dice.MainActivity$1 -> com.snakes_ladder.dice.MainActivity$1:
    com.snakes_ladder.dice.MainActivity this$0 -> a
    void <init>(com.snakes_ladder.dice.MainActivity) -> <init>
    void onClick(android.content.DialogInterface,int) -> onClick
com.snakes_ladder.dice.MainActivity$2 -> com.snakes_ladder.dice.MainActivity$2:
    com.snakes_ladder.dice.MainActivity this$0 -> a
    void <init>(com.snakes_ladder.dice.MainActivity) -> <init>
    boolean handleMessage(android.os.Message) -> handleMessage
com.snakes_ladder.dice.MainActivity$HandleClick -> com.snakes_ladder.dice.MainActivity$a:
    com.snakes_ladder.dice.MainActivity this$0 -> a
    void <init>(com.snakes_ladder.dice.MainActivity) -> <init>
    void onClick(android.view.View) -> onClick
    void <init>(com.snakes_ladder.dice.MainActivity,com.snakes_ladder.dice.MainActivity$1) -> <init>
com.snakes_ladder.dice.MainActivity$Roll -> com.snakes_ladder.dice.MainActivity$b:
    com.snakes_ladder.dice.MainActivity this$0 -> a
    void <init>(com.snakes_ladder.dice.MainActivity) -> <init>
    void run() -> run
    void <init>(com.snakes_ladder.dice.MainActivity,com.snakes_ladder.dice.MainActivity$1) -> <init>
com.snakes_ladder.dice.PreLollipopSoundPool -> com.snakes_ladder.dice.a:
    android.media.SoundPool NewSoundPool() -> a
com.snakes_ladder.dice.SplashActivity -> com.snakes_ladder.dice.SplashActivity:
    void <init>() -> <init>
    void onCreate(android.os.Bundle) -> onCreate
com.snakes_ladder.dice.SplashActivity$1 -> com.snakes_ladder.dice.SplashActivity$1:
    com.snakes_ladder.dice.SplashActivity this$0 -> a
    void <init>(com.snakes_ladder.dice.SplashActivity) -> <init>
    void run() -> run
...
android.support.v4.util.LruCache -> android.support.v4.g.g:
    java.util.LinkedHashMap map -> a
    int size -> b
    int maxSize -> c
    int putCount -> d
    int createCount -> e
    int evictionCount -> f
    int hitCount -> g
    int missCount -> h
    void <init>(int) -> <init>
    java.lang.Object get(java.lang.Object) -> a
    java.lang.Object put(java.lang.Object,java.lang.Object) -> a
    void trimToSize(int) -> a
    void entryRemoved(boolean,java.lang.Object,java.lang.Object,java.lang.Object) -> a
    java.lang.Object create(java.lang.Object) -> b
    int safeSizeOf(java.lang.Object,java.lang.Object) -> c
    int sizeOf(java.lang.Object,java.lang.Object) -> b
    java.lang.String toString() -> toString
android.support.v4.util.MapCollections -> android.support.v4.g.h:
    android.support.v4.util.MapCollections$EntrySet mEntrySet -> b
    android.support.v4.util.MapCollections$KeySet mKeySet -> c
    android.support.v4.util.MapCollections$ValuesCollection mValues -> d
    void <init>() -> <init>
    boolean containsAllHelper(java.util.Map,java.util.Collection) -> a
    boolean removeAllHelper(java.util.Map,java.util.Collection) -> b
    boolean retainAllHelper(java.util.Map,java.util.Collection) -> c
    java.lang.Object[] toArrayHelper(int) -> b
    java.lang.Object[] toArrayHelper(java.lang.Object[],int) -> a
    boolean equalsSetHelper(java.util.Set,java.lang.Object) -> a
    java.util.Set getEntrySet() -> d
    java.util.Set getKeySet() -> e
    java.util.Collection getValues() -> f
    int colGetSize() -> a
    java.lang.Object colGetEntry(int,int) -> a
    int colIndexOfKey(java.lang.Object) -> a
    int colIndexOfValue(java.lang.Object) -> b
    java.util.Map colGetMap() -> b
    void colPut(java.lang.Object,java.lang.Object) -> a
    java.lang.Object colSetValue(int,java.lang.Object) -> a
    void colRemoveAt(int) -> a
    void colClear() -> c
android.support.v4.util.MapCollections$ArrayIterator -> android.support.v4.g.h$a:
    int mOffset -> a
    int mSize -> b
    int mIndex -> c
    boolean mCanRemove -> d
    android.support.v4.util.MapCollections this$0 -> e
    void <init>(android.support.v4.util.MapCollections,int) -> <init>
    boolean hasNext() -> hasNext
    java.lang.Object next() -> next
    void remove() -> remove
android.support.v4.util.MapCollections$EntrySet -> android.support.v4.g.h$b:
    android.support.v4.util.MapCollections this$0 -> a
    void <init>(android.support.v4.util.MapCollections) -> <init>
    boolean add(java.util.Map$Entry) -> a
    boolean addAll(java.util.Collection) -> addAll
    void clear() -> clear
    boolean contains(java.lang.Object) -> contains
    boolean containsAll(java.util.Collection) -> containsAll
    boolean isEmpty() -> isEmpty
    java.util.Iterator iterator() -> iterator
    boolean remove(java.lang.Object) -> remove
    boolean removeAll(java.util.Collection) -> removeAll
    boolean retainAll(java.util.Collection) -> retainAll
    int size() -> size
    java.lang.Object[] toArray() -> toArray
    java.lang.Object[] toArray(java.lang.Object[]) -> toArray
    boolean equals(java.lang.Object) -> equals
    int hashCode() -> hashCode
    boolean add(java.lang.Object) -> add