app/build/outputs/mapping/release/usage.txt
com.snakes_ladder.dice.BuildConfig
com.snakes_ladder.dice.MainActivity:
    235:241:public void loser(boolean)
com.snakes_ladder.dice.PreLollipopSoundPool:
    9:9:PreLollipopSoundPool()
com.snakes_ladder.dice.R
com.snakes_ladder.dice.R$anim
com.snakes_ladder.dice.R$attr
com.snakes_ladder.dice.R$bool
com.snakes_ladder.dice.R$color
com.snakes_ladder.dice.R$dimen
com.snakes_ladder.dice.R$drawable
com.snakes_ladder.dice.R$id
com.snakes_ladder.dice.R$integer
com.snakes_ladder.dice.R$layout
com.snakes_ladder.dice.R$mipmap
com.snakes_ladder.dice.R$raw
com.snakes_ladder.dice.R$string
com.snakes_ladder.dice.R$style
com.snakes_ladder.dice.R$styleable
com.snakes_ladder.dice.SplashActivity:
    private static final long SPLASH_TIME_OUT
com.snakes_ladder.dice.adapters.GridAdapter$StatusListener:
    public abstract void loser(boolean)
com.snakes_ladder.dice.models.GridDataModel:
    20:21:public void setGridData(java.util.List)
com.snakes_ladder.dice.models.GridInfo:
    29:30:public void setPosition(int)
    37:38:public void setIsSnake(boolean)
    45:46:public void setIsLadder(boolean)
    53:54:public void setGoToPosition(int)
com.snakes_ladder.dice.util.AppDBHelper
com.snakes_ladder.dice.util.SharedPreferences
com.snakes_ladder.dice.util.SharedPreferences$PREFERENCES_KEY
com.snakes_ladder.dice.util.Util:
    13:13:public Util()
    15:15:public static boolean isValidEmail(java.lang.CharSequence)
    19:19:public static boolean isValidPhoneNumber(java.lang.CharSequence)
    43:45:public static float convertPixelsToDp(float)
...
android.support.v4.media.session.MediaControllerCompat$TransportControlsApi21
android.support.v4.media.session.MediaControllerCompat$TransportControlsApi23
android.support.v4.media.session.MediaControllerCompat$TransportControlsApi24
android.support.v4.media.session.MediaControllerCompat$TransportControlsBase
android.support.v4.media.session.MediaControllerCompatApi21:
    39:273:MediaControllerCompatApi21()
    41:41:public static java.lang.Object fromToken(android.content.Context,java.lang.Object)
    49:51:public static void registerCallback(java.lang.Object,java.lang.Object,android.os.Handler)
    54:56:public static void unregisterCallback(java.lang.Object,java.lang.Object)
    59:60:public static void setMediaController(android.app.Activity,java.lang.Object)
    63:63:public static java.lang.Object getMediaController(android.app.Activity)
    67:67:public static java.lang.Object getSessionToken(java.lang.Object)
    71:71:public static java.lang.Object getTransportControls(java.lang.Object)
    75:75:public static java.lang.Object getPlaybackState(java.lang.Object)
    79:79:public static java.lang.Object getMetadata(java.lang.Object)
    83:88:public static java.util.List getQueue(java.lang.Object)
    92:92:public static java.lang.CharSequence getQueueTitle(java.lang.Object)
    96:96:public static android.os.Bundle getExtras(java.lang.Object)
    100:100:public static int getRatingType(java.lang.Object)
    104:104:public static long getFlags(java.lang.Object)
    108:108:public static java.lang.Object getPlaybackInfo(java.lang.Object)
    112:112:public static android.app.PendingIntent getSessionActivity(java.lang.Object)
    116:116:public static boolean dispatchMediaButtonEvent(java.lang.Object,android.view.KeyEvent)
android.support.v4.media.session.MediaControllerCompatApi21$PlaybackInfo:
    private static final int FLAG_SCO
    private static final int STREAM_BLUETOOTH_SCO
    private static final int STREAM_SYSTEM_ENFORCED
    190:190:public MediaControllerCompatApi21$PlaybackInfo()
    192:192:public static int getPlaybackType(java.lang.Object)
    205:205:public static int getVolumeControl(java.lang.Object)
    209:209:public static int getMaxVolume(java.lang.Object)
    213:213:public static int getCurrentVolume(java.lang.Object)
android.support.v4.media.session.MediaControllerCompatApi21$TransportControls
android.support.v4.media.session.MediaControllerCompatApi23
android.support.v4.media.session.MediaControllerCompatApi23$TransportControls
android.support.v4.media.session.MediaControllerCompatApi24
android.support.v4.media.session.MediaControllerCompatApi24$TransportControls